<?xml version="1.0" encoding="UTF-8" ?>
<testsuite tests="4" failures="1" name="TestSuite" time="3.038" errors="0" skipped="0">
  <properties>
[...]
</properties>
  <testcase classname="CarPostTest" name="postRequestTest" time="2.671"/>
  <testcase classname="CleanTest" name="getRequest" time="0.217"/>
  <testcase classname="PersonPostTest" name="postPersonTest" time="0.099"/>
  <testcase classname="PersonWithCarsGetTest" name="getPersonWithCarsTest" time="0.051">
    <failure message="A JSONObject text must begin with &apos;{&apos; at 1 [character 2 line 1]" type="org.json.JSONException">org.json.JSONException: A JSONObject text must begin with &apos;{&apos; at 1 [character 2 line 1]
	at org.json.JSONTokener.syntaxError(JSONTokener.java:505)
	at org.json.JSONObject.&lt;init&gt;(JSONObject.java:214)
	at org.json.JSONObject.&lt;init&gt;(JSONObject.java:357)
	at PersonWithCarsGetTest.getCar(PersonWithCarsGetTest.java:26)
	at PersonWithCarsGetTest.getPersonWithCarsTest(PersonWithCarsGetTest.java:17)
</failure>
    <system-out>Request method:	GET
Request URI:	http://localhost:8080/personwithcars?personid=1
Proxy:			&lt;none&gt;
Request params:	&lt;none&gt;
Query params:	&lt;none&gt;
Form params:	&lt;none&gt;
Path params:	&lt;none&gt;
Headers:		Accept=*/*
Cookies:		&lt;none&gt;
Multiparts:		&lt;none&gt;
Body:			&lt;none&gt;
</system-out>
  </testcase>
</testsuite>