<?xml version="1.0" encoding="UTF-8"?>
<testng-results skipped="0" failed="1" ignored="0" total="4" passed="3">
  <reporter-output>
  </reporter-output>
  <suite name="Command line suite" duration-ms="3090" started-at="2018-09-25T08:59:19Z" finished-at="2018-09-25T08:59:22Z">
    <groups>
    </groups>
    <test name="Command line test" duration-ms="3090" started-at="2018-09-25T08:59:19Z" finished-at="2018-09-25T08:59:22Z">
      <class name="CleanTest">
        <test-method status="PASS" signature="getRequest()[pri:0, instance:CleanTest@68c9d179]" name="getRequest" duration-ms="230" started-at="2018-09-25T08:59:22Z" description="GET" finished-at="2018-09-25T08:59:22Z">
          <reporter-output>
          </reporter-output>
        </test-method> <!-- getRequest -->
      </class> <!-- CleanTest -->
      <class name="PersonPostTest">
        <test-method status="PASS" signature="postPersonTest()[pri:0, instance:PersonPostTest@d554c5f]" name="postPersonTest" duration-ms="99" started-at="2018-09-25T08:59:22Z" description="POST" finished-at="2018-09-25T08:59:22Z">
          <reporter-output>
          </reporter-output>
        </test-method> <!-- postPersonTest -->
      </class> <!-- PersonPostTest -->
      <class name="CarPostTest">
        <test-method status="PASS" signature="postRequestTest()[pri:0, instance:CarPostTest@5e7cd6cc]" name="postRequestTest" duration-ms="2663" started-at="2018-09-25T08:59:19Z" description="POST" finished-at="2018-09-25T08:59:22Z">
          <reporter-output>
          </reporter-output>
        </test-method> <!-- postRequestTest -->
      </class> <!-- CarPostTest -->
      <class name="PersonWithCarsGetTest">
        <test-method status="FAIL" signature="getPersonWithCarsTest()[pri:0, instance:PersonWithCarsGetTest@2dfaea86]" name="getPersonWithCarsTest" duration-ms="48" started-at="2018-09-25T08:59:22Z" description="GET" finished-at="2018-09-25T08:59:22Z">
          <exception class="org.json.JSONException">
            <message>
              <![CDATA[A JSONObject text must begin with '{' at 1 [character 2 line 1]]]>
            </message>
            <full-stacktrace>
              <![CDATA[org.json.JSONException: A JSONObject text must begin with '{' at 1 [character 2 line 1]
at org.json.JSONTokener.syntaxError(JSONTokener.java:505)
at org.json.JSONObject.<init>(JSONObject.java:214)
at org.json.JSONObject.<init>(JSONObject.java:357)
at PersonWithCarsGetTest.getCar(PersonWithCarsGetTest.java:26)
at PersonWithCarsGetTest.getPersonWithCarsTest(PersonWithCarsGetTest.java:17)
at sun.reflect.NativeMethodAccessorImpl.invoke0(Native Method)
at sun.reflect.NativeMethodAccessorImpl.invoke(NativeMethodAccessorImpl.java:62)
at sun.reflect.DelegatingMethodAccessorImpl.invoke(DelegatingMethodAccessorImpl.java:43)
at java.lang.reflect.Method.invoke(Method.java:498)
at org.testng.internal.MethodInvocationHelper.invokeMethod(MethodInvocationHelper.java:124)
at org.testng.internal.Invoker.invokeMethod(Invoker.java:583)
at org.testng.internal.Invoker.invokeTestMethod(Invoker.java:719)
at org.testng.internal.Invoker.invokeTestMethods(Invoker.java:989)
at org.testng.internal.TestMethodWorker.invokeTestMethods(TestMethodWorker.java:125)
at org.testng.internal.TestMethodWorker.run(TestMethodWorker.java:109)
at org.testng.TestRunner.privateRun(TestRunner.java:648)
at org.testng.TestRunner.run(TestRunner.java:505)
at org.testng.SuiteRunner.runTest(SuiteRunner.java:455)
at org.testng.SuiteRunner.runSequentially(SuiteRunner.java:450)
at org.testng.SuiteRunner.privateRun(SuiteRunner.java:415)
at org.testng.SuiteRunner.run(SuiteRunner.java:364)
at org.testng.SuiteRunnerWorker.runSuite(SuiteRunnerWorker.java:52)
at org.testng.SuiteRunnerWorker.run(SuiteRunnerWorker.java:84)
at org.testng.TestNG.runSuitesSequentially(TestNG.java:1208)
at org.testng.TestNG.runSuitesLocally(TestNG.java:1137)
at org.testng.TestNG.runSuites(TestNG.java:1049)
at org.testng.TestNG.run(TestNG.java:1017)
at org.apache.maven.surefire.testng.TestNGExecutor.run(TestNGExecutor.java:77)
at org.apache.maven.surefire.testng.TestNGDirectoryTestSuite.executeMulti(TestNGDirectoryTestSuite.java:159)
at org.apache.maven.surefire.testng.TestNGDirectoryTestSuite.execute(TestNGDirectoryTestSuite.java:99)
at org.apache.maven.surefire.testng.TestNGProvider.invoke(TestNGProvider.java:106)
at sun.reflect.NativeMethodAccessorImpl.invoke0(Native Method)
at sun.reflect.NativeMethodAccessorImpl.invoke(NativeMethodAccessorImpl.java:62)
at sun.reflect.DelegatingMethodAccessorImpl.invoke(DelegatingMethodAccessorImpl.java:43)
at java.lang.reflect.Method.invoke(Method.java:498)
at org.apache.maven.surefire.util.ReflectionUtils.invokeMethodWithArray(ReflectionUtils.java:189)
at org.apache.maven.surefire.booter.ProviderFactory$ProviderProxy.invoke(ProviderFactory.java:165)
at org.apache.maven.surefire.booter.ProviderFactory.invokeProvider(ProviderFactory.java:85)
at org.apache.maven.surefire.booter.ForkedBooter.runSuitesInProcess(ForkedBooter.java:115)
at org.apache.maven.surefire.booter.ForkedBooter.main(ForkedBooter.java:75)
]]>
            </full-stacktrace>
          </exception> <!-- org.json.JSONException -->
          <reporter-output>
          </reporter-output>
        </test-method> <!-- getPersonWithCarsTest -->
      </class> <!-- PersonWithCarsGetTest -->
    </test> <!-- Command line test -->
  </suite> <!-- Command line suite -->
</testng-results>
