<?xml version="1.0" encoding="UTF-8"?>
<!-- Generated by org.testng.reporters.JUnitXMLReporter -->
<testsuite hostname="DKS-Mikhailov" ignored="0" tests="4" failures="1" timestamp="25 сен 2018 08:59:22 GMT" time="3.09" errors="0">
  <testcase name="postRequestTest" time="2.663" classname="CarPostTest"/>
  <testcase name="getRequest" time="0.23" classname="CleanTest"/>
  <testcase name="postPersonTest" time="0.099" classname="PersonPostTest"/>
  <testcase name="getPersonWithCarsTest" time="0.048" classname="PersonWithCarsGetTest">
    <failure type="org.json.JSONException" message="A JSONObject text must begin with &amp;apos;{&amp;apos; at 1 [character 2 line 1]">
      <![CDATA[org.json.JSONException: A JSONObject text must begin with '{' at 1 [character 2 line 1]
at org.json.JSONTokener.syntaxError(JSONTokener.java:505)
at org.json.JSONObject.<init>(JSONObject.java:214)
at org.json.JSONObject.<init>(JSONObject.java:357)
at PersonWithCarsGetTest.getCar(PersonWithCarsGetTest.java:26)
at PersonWithCarsGetTest.getPersonWithCarsTest(PersonWithCarsGetTest.java:17)
... Removed 35 stack frames]]>
    </failure>
  </testcase> <!-- getPersonWithCarsTest -->
</testsuite>
