# JRE version: OpenJDK Runtime Environment (9.0.1+1) (build 9.0.7.1+1)
# Java VM: OpenJDK 64-Bit Server VM (9.0.7.1+1, mixed mode, tiered, compressed oops, g1 gc, windows-amd64)
Heap:
 garbage-first heap   total 189440K, used 36867K [0x0000000081e00000, 0x0000000081f005c8, 0x0000000100000000)
  region size 1024K, 7 young (7168K), 7 survivors (7168K)
 Metaspace       used 52585K, capacity 55570K, committed 55760K, reserved 1097728K
  class space    used 6776K, capacity 7339K, committed 7376K, reserved 1048576K
GC Heap History (10 events):
Event: 4.849 GC heap after
{Heap after GC invocations=7 (full 0):
 garbage-first heap   total 157696K, used 24934K [0x0000000081e00000, 0x0000000081f004d0, 0x0000000100000000)
  region size 1024K, 8 young (8192K), 8 survivors (8192K)
 Metaspace       used 31892K, capacity 33896K, committed 34048K, reserved 1079296K
  class space    used 4072K, capacity 4492K, committed 4608K, reserved 1048576K
}
Event: 5.145 GC heap before
{Heap before GC invocations=7 (full 0):
 garbage-first heap   total 157696K, used 54630K [0x0000000081e00000, 0x0000000081f004d0, 0x0000000100000000)
  region size 1024K, 38 young (38912K), 8 survivors (8192K)
 Metaspace       used 33700K, capacity 35952K, committed 36048K, reserved 1081344K
  class space    used 4296K, capacity 4746K, committed 4816K, reserved 1048576K
}
Event: 5.152 GC heap after
{Heap after GC invocations=8 (full 0):
 garbage-first heap   total 157696K, used 25391K [0x0000000081e00000, 0x0000000081f004d0, 0x0000000100000000)
  region size 1024K, 7 young (7168K), 7 survivors (7168K)
 Metaspace       used 33700K, capacity 35952K, committed 36048K, reserved 1081344K
  class space    used 4296K, capacity 4746K, committed 4816K, reserved 1048576K
}
Event: 5.394 GC heap before
{Heap before GC invocations=9 (full 0):
 garbage-first heap   total 157696K, used 111407K [0x0000000081e00000, 0x0000000081f004d0, 0x0000000100000000)
  region size 1024K, 92 young (94208K), 7 survivors (7168K)
 Metaspace       used 34942K, capacity 37340K, committed 37456K, reserved 1081344K
  class space    used 4440K, capacity 4922K, committed 4944K, reserved 1048576K
}
Event: 5.402 GC heap after
{Heap after GC invocations=10 (full 0):
 garbage-first heap   total 157696K, used 25676K [0x0000000081e00000, 0x0000000081f004d0, 0x0000000100000000)
  region size 1024K, 8 young (8192K), 8 survivors (8192K)
 Metaspace       used 34942K, capacity 37340K, committed 37456K, reserved 1081344K
  class space    used 4440K, capacity 4922K, committed 4944K, reserved 1048576K
}
Event: 6.388 GC heap before
{Heap before GC invocations=10 (full 0):
 garbage-first heap   total 157696K, used 111692K [0x0000000081e00000, 0x0000000081f004d0, 0x0000000100000000)
  region size 1024K, 92 young (94208K), 8 survivors (8192K)
 Metaspace       used 42346K, capacity 44798K, committed 45136K, reserved 1089536K
  class space    used 5406K, capacity 5893K, committed 5968K, reserved 1048576K
}
Event: 6.400 GC heap after
{Heap after GC invocations=11 (full 0):
 garbage-first heap   total 157696K, used 32248K [0x0000000081e00000, 0x0000000081f004d0, 0x0000000100000000)
  region size 1024K, 12 young (12288K), 12 survivors (12288K)
 Metaspace       used 42346K, capacity 44798K, committed 45136K, reserved 1089536K
  class space    used 5406K, capacity 5893K, committed 5968K, reserved 1048576K
}
Event: 6.965 GC heap before
{Heap before GC invocations=11 (full 0):
 garbage-first heap   total 157696K, used 114168K [0x0000000081e00000, 0x0000000081f004d0, 0x0000000100000000)
  region size 1024K, 92 young (94208K), 12 survivors (12288K)
 Metaspace       used 48281K, capacity 50832K, committed 51024K, reserved 1093632K
  class space    used 6184K, capacity 6660K, committed 6736K, reserved 1048576K
}
Event: 6.979 GC heap after
{Heap after GC invocations=12 (full 0):
 garbage-first heap   total 157696K, used 35079K [0x0000000081e00000, 0x0000000081f004d0, 0x0000000100000000)
  region size 1024K, 8 young (8192K), 8 survivors (8192K)
 Metaspace       used 48281K, capacity 50832K, committed 51024K, reserved 1093632K
  class space    used 6184K, capacity 6660K, committed 6736K, reserved 1048576K
}
Event: 7.622 GC heap before
{Heap before GC invocations=12 (full 0):
 garbage-first heap   total 157696K, used 121095K [0x0000000081e00000, 0x0000000081f004d0, 0x0000000100000000)
  region size 1024K, 92 young (94208K), 8 survivors (8192K)
 Metaspace       used 52585K, capacity 55570K, committed 55760K, reserved 1097728K
  class space    used 6776K, capacity 7339K, committed 7376K, reserved 1048576K
}

