# JRE version: OpenJDK Runtime Environment (9.0.1+1) (build 9.0.7.1+1)
# Java VM: OpenJDK 64-Bit Server VM (9.0.7.1+1, mixed mode, tiered, compressed oops, g1 gc, windows-amd64)
Heap:
 garbage-first heap   total 189440K, used 31930K [0x0000000081e00000, 0x0000000081f005c8, 0x0000000100000000)
  region size 1024K, 12 young (12288K), 12 survivors (12288K)
 Metaspace       used 42324K, capacity 44806K, committed 45184K, reserved 1089536K
  class space    used 5402K, capacity 5893K, committed 6016K, reserved 1048576K
GC Heap History (10 events):
Event: 2.148 GC heap after
{Heap after GC invocations=5 (full 0):
 garbage-first heap   total 131072K, used 19960K [0x0000000081e00000, 0x0000000081f00400, 0x0000000100000000)
  region size 1024K, 10 young (10240K), 10 survivors (10240K)
 Metaspace       used 27260K, capacity 28938K, committed 29184K, reserved 1075200K
  class space    used 3367K, capacity 3716K, committed 3840K, reserved 1048576K
}
Event: 2.530 GC heap before
{Heap before GC invocations=5 (full 0):
 garbage-first heap   total 131072K, used 87544K [0x0000000081e00000, 0x0000000081f00400, 0x0000000100000000)
  region size 1024K, 76 young (77824K), 10 survivors (10240K)
 Metaspace       used 28036K, capacity 29786K, committed 30080K, reserved 1075200K
  class space    used 3495K, capacity 3876K, committed 3968K, reserved 1048576K
}
Event: 2.537 GC heap after
{Heap after GC invocations=6 (full 0):
 garbage-first heap   total 157696K, used 20646K [0x0000000081e00000, 0x0000000081f004d0, 0x0000000100000000)
  region size 1024K, 4 young (4096K), 4 survivors (4096K)
 Metaspace       used 28036K, capacity 29786K, committed 30080K, reserved 1075200K
  class space    used 3495K, capacity 3876K, committed 3968K, reserved 1048576K
}
Event: 3.181 GC heap before
{Heap before GC invocations=6 (full 0):
 garbage-first heap   total 157696K, used 107686K [0x0000000081e00000, 0x0000000081f004d0, 0x0000000100000000)
  region size 1024K, 89 young (91136K), 4 survivors (4096K)
 Metaspace       used 31894K, capacity 33904K, committed 34048K, reserved 1079296K
  class space    used 4071K, capacity 4492K, committed 4608K, reserved 1048576K
}
Event: 3.188 GC heap after
{Heap after GC invocations=7 (full 0):
 garbage-first heap   total 157696K, used 24780K [0x0000000081e00000, 0x0000000081f004d0, 0x0000000100000000)
  region size 1024K, 8 young (8192K), 8 survivors (8192K)
 Metaspace       used 31894K, capacity 33904K, committed 34048K, reserved 1079296K
  class space    used 4071K, capacity 4492K, committed 4608K, reserved 1048576K
}
Event: 3.399 GC heap before
{Heap before GC invocations=7 (full 0):
 garbage-first heap   total 157696K, used 51404K [0x0000000081e00000, 0x0000000081f004d0, 0x0000000100000000)
  region size 1024K, 35 young (35840K), 8 survivors (8192K)
 Metaspace       used 33453K, capacity 35730K, committed 35920K, reserved 1081344K
  class space    used 4267K, capacity 4713K, committed 4736K, reserved 1048576K
}
Event: 3.408 GC heap after
{Heap after GC invocations=8 (full 0):
 garbage-first heap   total 157696K, used 24368K [0x0000000081e00000, 0x0000000081f004d0, 0x0000000100000000)
  region size 1024K, 6 young (6144K), 6 survivors (6144K)
 Metaspace       used 33453K, capacity 35730K, committed 35920K, reserved 1081344K
  class space    used 4267K, capacity 4713K, committed 4736K, reserved 1048576K
}
Event: 3.637 GC heap before
{Heap before GC invocations=9 (full 0):
 garbage-first heap   total 157696K, used 111408K [0x0000000081e00000, 0x0000000081f004d0, 0x0000000100000000)
  region size 1024K, 92 young (94208K), 6 survivors (6144K)
 Metaspace       used 34908K, capacity 37270K, committed 37404K, reserved 1081344K
  class space    used 4430K, capacity 4919K, committed 4992K, reserved 1048576K
}
Event: 3.645 GC heap after
{Heap after GC invocations=10 (full 0):
 garbage-first heap   total 157696K, used 25320K [0x0000000081e00000, 0x0000000081f004d0, 0x0000000100000000)
  region size 1024K, 8 young (8192K), 8 survivors (8192K)
 Metaspace       used 34908K, capacity 37270K, committed 37404K, reserved 1081344K
  class space    used 4430K, capacity 4919K, committed 4992K, reserved 1048576K
}
Event: 4.410 GC heap before
{Heap before GC invocations=11 (full 0):
 garbage-first heap   total 157696K, used 111336K [0x0000000081e00000, 0x0000000081f004d0, 0x0000000100000000)
  region size 1024K, 92 young (94208K), 8 survivors (8192K)
 Metaspace       used 42324K, capacity 44806K, committed 45184K, reserved 1089536K
  class space    used 5402K, capacity 5893K, committed 6016K, reserved 1048576K
}

