# JRE version: OpenJDK Runtime Environment (9.0.1+1) (build 9.0.7.1+1)
# Java VM: OpenJDK 64-Bit Server VM (9.0.7.1+1, mixed mode, tiered, compressed oops, g1 gc, windows-amd64)
Heap:
 garbage-first heap   total 189440K, used 41343K [0x0000000081e00000, 0x0000000081f005c8, 0x0000000100000000)
  region size 1024K, 3 young (3072K), 3 survivors (3072K)
 Metaspace       used 56482K, capacity 59754K, committed 59856K, reserved 1112064K
  class space    used 7289K, capacity 7876K, committed 7888K, reserved 1048576K
GC Heap History (10 events):
Event: 5.781 GC heap after
{Heap after GC invocations=11 (full 0):
 garbage-first heap   total 157696K, used 32347K [0x0000000081e00000, 0x0000000081f004d0, 0x0000000100000000)
  region size 1024K, 12 young (12288K), 12 survivors (12288K)
 Metaspace       used 42490K, capacity 44968K, committed 45136K, reserved 1089536K
  class space    used 5403K, capacity 5888K, committed 5968K, reserved 1048576K
}
Event: 7.233 GC heap before
{Heap before GC invocations=11 (full 0):
 garbage-first heap   total 157696K, used 114267K [0x0000000081e00000, 0x0000000081f004d0, 0x0000000100000000)
  region size 1024K, 92 young (94208K), 12 survivors (12288K)
 Metaspace       used 47891K, capacity 50410K, committed 50768K, reserved 1093632K
  class space    used 6144K, capacity 6627K, committed 6736K, reserved 1048576K
}
Event: 7.246 GC heap after
{Heap after GC invocations=12 (full 0):
 garbage-first heap   total 189440K, used 34690K [0x0000000081e00000, 0x0000000081f005c8, 0x0000000100000000)
  region size 1024K, 8 young (8192K), 8 survivors (8192K)
 Metaspace       used 47891K, capacity 50410K, committed 50768K, reserved 1093632K
  class space    used 6144K, capacity 6627K, committed 6736K, reserved 1048576K
}
Event: 7.813 GC heap before
{Heap before GC invocations=12 (full 0):
 garbage-first heap   total 189440K, used 140162K [0x0000000081e00000, 0x0000000081f005c8, 0x0000000100000000)
  region size 1024K, 111 young (113664K), 8 survivors (8192K)
 Metaspace       used 52562K, capacity 55620K, committed 55760K, reserved 1097728K
  class space    used 6786K, capacity 7348K, committed 7376K, reserved 1048576K
}
Event: 7.823 GC heap after
{Heap after GC invocations=13 (full 0):
 garbage-first heap   total 189440K, used 37261K [0x0000000081e00000, 0x0000000081f005c8, 0x0000000100000000)
  region size 1024K, 10 young (10240K), 10 survivors (10240K)
 Metaspace       used 52562K, capacity 55620K, committed 55760K, reserved 1097728K
  class space    used 6786K, capacity 7348K, committed 7376K, reserved 1048576K
}
Event: 8.334 GC heap before
{Heap before GC invocations=13 (full 0):
 garbage-first heap   total 189440K, used 140685K [0x0000000081e00000, 0x0000000081f005c8, 0x0000000100000000)
  region size 1024K, 111 young (113664K), 10 survivors (10240K)
 Metaspace       used 54926K, capacity 58174K, committed 58448K, reserved 1099776K
  class space    used 7081K, capacity 7649K, committed 7760K, reserved 1048576K
}
Event: 8.348 GC heap after
{Heap after GC invocations=14 (full 0):
 garbage-first heap   total 189440K, used 41507K [0x0000000081e00000, 0x0000000081f005c8, 0x0000000100000000)
  region size 1024K, 8 young (8192K), 8 survivors (8192K)
 Metaspace       used 54926K, capacity 58174K, committed 58448K, reserved 1099776K
  class space    used 7081K, capacity 7649K, committed 7760K, reserved 1048576K
}
Event: 12.600 GC heap before
{Heap before GC invocations=14 (full 0):
 garbage-first heap   total 189440K, used 59939K [0x0000000081e00000, 0x0000000081f005c8, 0x0000000100000000)
  region size 1024K, 27 young (27648K), 8 survivors (8192K)
 Metaspace       used 56482K, capacity 59754K, committed 59856K, reserved 1110016K
  class space    used 7289K, capacity 7876K, committed 7888K, reserved 1048576K
}
Event: 12.609 GC heap after
{Heap after GC invocations=15 (full 0):
 garbage-first heap   total 189440K, used 41343K [0x0000000081e00000, 0x0000000081f005c8, 0x0000000100000000)
  region size 1024K, 3 young (3072K), 3 survivors (3072K)
 Metaspace       used 56482K, capacity 59754K, committed 59856K, reserved 1110016K
  class space    used 7289K, capacity 7876K, committed 7888K, reserved 1048576K
}
Event: 12.609 GC heap before
{Heap before GC invocations=15 (full 0):
 garbage-first heap   total 189440K, used 41343K [0x0000000081e00000, 0x0000000081f005c8, 0x0000000100000000)
  region size 1024K, 3 young (3072K), 3 survivors (3072K)
 Metaspace       used 56482K, capacity 59754K, committed 59856K, reserved 1112064K
  class space    used 7289K, capacity 7876K, committed 7888K, reserved 1048576K
}

