# JRE version: OpenJDK Runtime Environment (9.0.1+1) (build 9.0.7.1+1)
# Java VM: OpenJDK 64-Bit Server VM (9.0.7.1+1, mixed mode, tiered, compressed oops, g1 gc, windows-amd64)
Heap:
 garbage-first heap   total 157696K, used 20150K [0x0000000081e00000, 0x0000000081f004d0, 0x0000000100000000)
  region size 1024K, 4 young (4096K), 4 survivors (4096K)
 Metaspace       used 28200K, capacity 29924K, committed 30080K, reserved 1075200K
  class space    used 3520K, capacity 3881K, committed 3968K, reserved 1048576K
GC Heap History (9 events):
Event: 0.424 GC heap before
{Heap before GC invocations=0 (full 0):
 garbage-first heap   total 131072K, used 14336K [0x0000000081e00000, 0x0000000081f00400, 0x0000000100000000)
  region size 1024K, 14 young (14336K), 0 survivors (0K)
 Metaspace       used 9115K, capacity 9446K, committed 9472K, reserved 1058816K
  class space    used 935K, capacity 1016K, committed 1024K, reserved 1048576K
}
Event: 0.427 GC heap after
{Heap after GC invocations=1 (full 0):
 garbage-first heap   total 131072K, used 4707K [0x0000000081e00000, 0x0000000081f00400, 0x0000000100000000)
  region size 1024K, 2 young (2048K), 2 survivors (2048K)
 Metaspace       used 9115K, capacity 9446K, committed 9472K, reserved 1058816K
  class space    used 935K, capacity 1016K, committed 1024K, reserved 1048576K
}
Event: 0.992 GC heap before
{Heap before GC invocations=1 (full 0):
 garbage-first heap   total 131072K, used 80483K [0x0000000081e00000, 0x0000000081f00400, 0x0000000100000000)
  region size 1024K, 76 young (77824K), 2 survivors (2048K)
 Metaspace       used 16939K, capacity 17878K, committed 18048K, reserved 1064960K
  class space    used 1897K, capacity 2080K, committed 2176K, reserved 1048576K
}
Event: 1.000 GC heap after
{Heap after GC invocations=2 (full 0):
 garbage-first heap   total 131072K, used 10657K [0x0000000081e00000, 0x0000000081f00400, 0x0000000100000000)
  region size 1024K, 8 young (8192K), 8 survivors (8192K)
 Metaspace       used 16939K, capacity 17878K, committed 18048K, reserved 1064960K
  class space    used 1897K, capacity 2080K, committed 2176K, reserved 1048576K
}
Event: 1.244 GC heap before
{Heap before GC invocations=2 (full 0):
 garbage-first heap   total 131072K, used 43425K [0x0000000081e00000, 0x0000000081f00400, 0x0000000100000000)
  region size 1024K, 41 young (41984K), 8 survivors (8192K)
 Metaspace       used 20145K, capacity 21222K, committed 21296K, reserved 1069056K
  class space    used 2446K, capacity 2672K, committed 2688K, reserved 1048576K
}
Event: 1.252 GC heap after
{Heap after GC invocations=3 (full 0):
 garbage-first heap   total 131072K, used 10870K [0x0000000081e00000, 0x0000000081f00400, 0x0000000100000000)
  region size 1024K, 4 young (4096K), 4 survivors (4096K)
 Metaspace       used 20145K, capacity 21222K, committed 21296K, reserved 1069056K
  class space    used 2446K, capacity 2672K, committed 2688K, reserved 1048576K
}
Event: 2.083 GC heap before
{Heap before GC invocations=4 (full 0):
 garbage-first heap   total 131072K, used 84598K [0x0000000081e00000, 0x0000000081f00400, 0x0000000100000000)
  region size 1024K, 76 young (77824K), 4 survivors (4096K)
 Metaspace       used 27277K, capacity 28942K, committed 29184K, reserved 1075200K
  class space    used 3371K, capacity 3718K, committed 3840K, reserved 1048576K
}
Event: 2.091 GC heap after
{Heap after GC invocations=5 (full 0):
 garbage-first heap   total 131072K, used 19433K [0x0000000081e00000, 0x0000000081f00400, 0x0000000100000000)
  region size 1024K, 10 young (10240K), 10 survivors (10240K)
 Metaspace       used 27277K, capacity 28942K, committed 29184K, reserved 1075200K
  class space    used 3371K, capacity 3718K, committed 3840K, reserved 1048576K
}
Event: 2.341 GC heap before
{Heap before GC invocations=5 (full 0):
 garbage-first heap   total 131072K, used 87017K [0x0000000081e00000, 0x0000000081f00400, 0x0000000100000000)
  region size 1024K, 76 young (77824K), 10 survivors (10240K)
 Metaspace       used 28200K, capacity 29924K, committed 30080K, reserved 1075200K
  class space    used 3520K, capacity 3881K, committed 3968K, reserved 1048576K
}

