# JRE version: OpenJDK Runtime Environment (9.0.1+1) (build 9.0.7.1+1)
# Java VM: OpenJDK 64-Bit Server VM (9.0.7.1+1, mixed mode, tiered, compressed oops, g1 gc, windows-amd64)
Heap:
 garbage-first heap   total 157696K, used 19789K [0x0000000081e00000, 0x0000000081f004d0, 0x0000000100000000)
  region size 1024K, 4 young (4096K), 4 survivors (4096K)
 Metaspace       used 28100K, capacity 29796K, committed 30028K, reserved 1075200K
  class space    used 3509K, capacity 3881K, committed 3916K, reserved 1048576K
GC Heap History (9 events):
Event: 0.512 GC heap before
{Heap before GC invocations=0 (full 0):
 garbage-first heap   total 131072K, used 14336K [0x0000000081e00000, 0x0000000081f00400, 0x0000000100000000)
  region size 1024K, 14 young (14336K), 0 survivors (0K)
 Metaspace       used 9385K, capacity 9756K, committed 9856K, reserved 1058816K
  class space    used 968K, capacity 1053K, committed 1152K, reserved 1048576K
}
Event: 0.515 GC heap after
{Heap after GC invocations=1 (full 0):
 garbage-first heap   total 131072K, used 4842K [0x0000000081e00000, 0x0000000081f00400, 0x0000000100000000)
  region size 1024K, 2 young (2048K), 2 survivors (2048K)
 Metaspace       used 9385K, capacity 9756K, committed 9856K, reserved 1058816K
  class space    used 968K, capacity 1053K, committed 1152K, reserved 1048576K
}
Event: 1.140 GC heap before
{Heap before GC invocations=1 (full 0):
 garbage-first heap   total 131072K, used 80618K [0x0000000081e00000, 0x0000000081f00400, 0x0000000100000000)
  region size 1024K, 76 young (77824K), 2 survivors (2048K)
 Metaspace       used 17348K, capacity 18422K, committed 18688K, reserved 1064960K
  class space    used 1968K, capacity 2210K, committed 2304K, reserved 1048576K
}
Event: 1.149 GC heap after
{Heap after GC invocations=2 (full 0):
 garbage-first heap   total 131072K, used 10696K [0x0000000081e00000, 0x0000000081f00400, 0x0000000100000000)
  region size 1024K, 8 young (8192K), 8 survivors (8192K)
 Metaspace       used 17348K, capacity 18422K, committed 18688K, reserved 1064960K
  class space    used 1968K, capacity 2210K, committed 2304K, reserved 1048576K
}
Event: 1.345 GC heap before
{Heap before GC invocations=2 (full 0):
 garbage-first heap   total 131072K, used 41416K [0x0000000081e00000, 0x0000000081f00400, 0x0000000100000000)
  region size 1024K, 39 young (39936K), 8 survivors (8192K)
 Metaspace       used 20069K, capacity 21242K, committed 21296K, reserved 1069056K
  class space    used 2443K, capacity 2678K, committed 2688K, reserved 1048576K
}
Event: 1.355 GC heap after
{Heap after GC invocations=3 (full 0):
 garbage-first heap   total 131072K, used 11179K [0x0000000081e00000, 0x0000000081f00400, 0x0000000100000000)
  region size 1024K, 4 young (4096K), 4 survivors (4096K)
 Metaspace       used 20069K, capacity 21242K, committed 21296K, reserved 1069056K
  class space    used 2443K, capacity 2678K, committed 2688K, reserved 1048576K
}
Event: 2.432 GC heap before
{Heap before GC invocations=4 (full 0):
 garbage-first heap   total 131072K, used 84907K [0x0000000081e00000, 0x0000000081f00400, 0x0000000100000000)
  region size 1024K, 76 young (77824K), 4 survivors (4096K)
 Metaspace       used 27236K, capacity 28866K, committed 29132K, reserved 1075200K
  class space    used 3369K, capacity 3716K, committed 3788K, reserved 1048576K
}
Event: 2.446 GC heap after
{Heap after GC invocations=5 (full 0):
 garbage-first heap   total 131072K, used 19375K [0x0000000081e00000, 0x0000000081f00400, 0x0000000100000000)
  region size 1024K, 10 young (10240K), 10 survivors (10240K)
 Metaspace       used 27236K, capacity 28866K, committed 29132K, reserved 1075200K
  class space    used 3369K, capacity 3716K, committed 3788K, reserved 1048576K
}
Event: 2.777 GC heap before
{Heap before GC invocations=5 (full 0):
 garbage-first heap   total 131072K, used 86959K [0x0000000081e00000, 0x0000000081f00400, 0x0000000100000000)
  region size 1024K, 76 young (77824K), 10 survivors (10240K)
 Metaspace       used 28100K, capacity 29796K, committed 30028K, reserved 1075200K
  class space    used 3509K, capacity 3881K, committed 3916K, reserved 1048576K
}

