# JRE version: OpenJDK Runtime Environment (9.0.1+1) (build 9.0.7.1+1)
# Java VM: OpenJDK 64-Bit Server VM (9.0.7.1+1, mixed mode, tiered, compressed oops, g1 gc, windows-amd64)
Heap:
 garbage-first heap   total 189440K, used 35327K [0x0000000081e00000, 0x0000000081f005c8, 0x0000000100000000)
  region size 1024K, 9 young (9216K), 9 survivors (9216K)
 Metaspace       used 52194K, capacity 55196K, committed 55424K, reserved 1099776K
  class space    used 6732K, capacity 7276K, committed 7296K, reserved 1048576K
GC Heap History (10 events):
Event: 3.283 GC heap before
{Heap before GC invocations=6 (full 0):
 garbage-first heap   total 157696K, used 106704K [0x0000000081e00000, 0x0000000081f004d0, 0x0000000100000000)
  region size 1024K, 88 young (90112K), 3 survivors (3072K)
 Metaspace       used 32306K, capacity 34344K, committed 34560K, reserved 1079296K
  class space    used 4125K, capacity 4570K, committed 4608K, reserved 1048576K
}
Event: 3.291 GC heap after
{Heap after GC invocations=7 (full 0):
 garbage-first heap   total 157696K, used 24568K [0x0000000081e00000, 0x0000000081f004d0, 0x0000000100000000)
  region size 1024K, 8 young (8192K), 8 survivors (8192K)
 Metaspace       used 32306K, capacity 34344K, committed 34560K, reserved 1079296K
  class space    used 4125K, capacity 4570K, committed 4608K, reserved 1048576K
}
Event: 3.422 GC heap before
{Heap before GC invocations=7 (full 0):
 garbage-first heap   total 157696K, used 41976K [0x0000000081e00000, 0x0000000081f004d0, 0x0000000100000000)
  region size 1024K, 26 young (26624K), 8 survivors (8192K)
 Metaspace       used 33398K, capacity 35722K, committed 35920K, reserved 1081344K
  class space    used 4269K, capacity 4713K, committed 4736K, reserved 1048576K
}
Event: 3.429 GC heap after
{Heap after GC invocations=8 (full 0):
 garbage-first heap   total 157696K, used 23864K [0x0000000081e00000, 0x0000000081f004d0, 0x0000000100000000)
  region size 1024K, 3 young (3072K), 3 survivors (3072K)
 Metaspace       used 33398K, capacity 35722K, committed 35920K, reserved 1081344K
  class space    used 4269K, capacity 4713K, committed 4736K, reserved 1048576K
}
Event: 3.666 GC heap before
{Heap before GC invocations=9 (full 0):
 garbage-first heap   total 157696K, used 113976K [0x0000000081e00000, 0x0000000081f004d0, 0x0000000100000000)
  region size 1024K, 92 young (94208K), 3 survivors (3072K)
 Metaspace       used 34866K, capacity 37216K, committed 37404K, reserved 1081344K
  class space    used 4436K, capacity 4922K, committed 4992K, reserved 1048576K
}
Event: 3.671 GC heap after
{Heap after GC invocations=10 (full 0):
 garbage-first heap   total 157696K, used 24699K [0x0000000081e00000, 0x0000000081f004d0, 0x0000000100000000)
  region size 1024K, 5 young (5120K), 5 survivors (5120K)
 Metaspace       used 34866K, capacity 37216K, committed 37404K, reserved 1081344K
  class space    used 4436K, capacity 4922K, committed 4992K, reserved 1048576K
}
Event: 4.346 GC heap before
{Heap before GC invocations=10 (full 0):
 garbage-first heap   total 157696K, used 113787K [0x0000000081e00000, 0x0000000081f004d0, 0x0000000100000000)
  region size 1024K, 92 young (94208K), 5 survivors (5120K)
 Metaspace       used 42955K, capacity 45414K, committed 45696K, reserved 1089536K
  class space    used 5482K, capacity 5951K, committed 6016K, reserved 1048576K
}
Event: 4.355 GC heap after
{Heap after GC invocations=11 (full 0):
 garbage-first heap   total 157696K, used 31722K [0x0000000081e00000, 0x0000000081f004d0, 0x0000000100000000)
  region size 1024K, 11 young (11264K), 11 survivors (11264K)
 Metaspace       used 42955K, capacity 45414K, committed 45696K, reserved 1089536K
  class space    used 5482K, capacity 5951K, committed 6016K, reserved 1048576K
}
Event: 6.362 GC heap before
{Heap before GC invocations=11 (full 0):
 garbage-first heap   total 157696K, used 114666K [0x0000000081e00000, 0x0000000081f004d0, 0x0000000100000000)
  region size 1024K, 92 young (94208K), 11 survivors (11264K)
 Metaspace       used 48120K, capacity 50632K, committed 50944K, reserved 1093632K
  class space    used 6162K, capacity 6632K, committed 6656K, reserved 1048576K
}
Event: 6.374 GC heap after
{Heap after GC invocations=12 (full 0):
 garbage-first heap   total 189440K, used 33457K [0x0000000081e00000, 0x0000000081f005c8, 0x0000000100000000)
  region size 1024K, 7 young (7168K), 7 survivors (7168K)
 Metaspace       used 48120K, capacity 50632K, committed 50944K, reserved 1093632K
  class space    used 6162K, capacity 6632K, committed 6656K, reserved 1048576K
}

