# JRE version: OpenJDK Runtime Environment (9.0.1+1) (build 9.0.7.1+1)
# Java VM: OpenJDK 64-Bit Server VM (9.0.7.1+1, mixed mode, tiered, compressed oops, g1 gc, windows-amd64)
Heap:
 garbage-first heap   total 157696K, used 20617K [0x0000000081e00000, 0x0000000081f004d0, 0x0000000100000000)
  region size 1024K, 4 young (4096K), 4 survivors (4096K)
 Metaspace       used 28094K, capacity 29796K, committed 30080K, reserved 1075200K
  class space    used 3505K, capacity 3881K, committed 3968K, reserved 1048576K
GC Heap History (9 events):
Event: 0.509 GC heap before
{Heap before GC invocations=0 (full 0):
 garbage-first heap   total 131072K, used 14336K [0x0000000081e00000, 0x0000000081f00400, 0x0000000100000000)
  region size 1024K, 14 young (14336K), 0 survivors (0K)
 Metaspace       used 9354K, capacity 9742K, committed 9856K, reserved 1058816K
  class space    used 960K, capacity 1050K, committed 1152K, reserved 1048576K
}
Event: 0.513 GC heap after
{Heap after GC invocations=1 (full 0):
 garbage-first heap   total 131072K, used 5159K [0x0000000081e00000, 0x0000000081f00400, 0x0000000100000000)
  region size 1024K, 2 young (2048K), 2 survivors (2048K)
 Metaspace       used 9354K, capacity 9742K, committed 9856K, reserved 1058816K
  class space    used 960K, capacity 1050K, committed 1152K, reserved 1048576K
}
Event: 1.164 GC heap before
{Heap before GC invocations=1 (full 0):
 garbage-first heap   total 131072K, used 80935K [0x0000000081e00000, 0x0000000081f00400, 0x0000000100000000)
  region size 1024K, 76 young (77824K), 2 survivors (2048K)
 Metaspace       used 17314K, capacity 18422K, committed 18688K, reserved 1064960K
  class space    used 1967K, capacity 2210K, committed 2304K, reserved 1048576K
}
Event: 1.174 GC heap after
{Heap after GC invocations=2 (full 0):
 garbage-first heap   total 131072K, used 11099K [0x0000000081e00000, 0x0000000081f00400, 0x0000000100000000)
  region size 1024K, 8 young (8192K), 8 survivors (8192K)
 Metaspace       used 17314K, capacity 18422K, committed 18688K, reserved 1064960K
  class space    used 1967K, capacity 2210K, committed 2304K, reserved 1048576K
}
Event: 1.335 GC heap before
{Heap before GC invocations=2 (full 0):
 garbage-first heap   total 131072K, used 40795K [0x0000000081e00000, 0x0000000081f00400, 0x0000000100000000)
  region size 1024K, 38 young (38912K), 8 survivors (8192K)
 Metaspace       used 20066K, capacity 21232K, committed 21296K, reserved 1069056K
  class space    used 2451K, capacity 2677K, committed 2688K, reserved 1048576K
}
Event: 1.343 GC heap after
{Heap after GC invocations=3 (full 0):
 garbage-first heap   total 131072K, used 11275K [0x0000000081e00000, 0x0000000081f00400, 0x0000000100000000)
  region size 1024K, 4 young (4096K), 4 survivors (4096K)
 Metaspace       used 20066K, capacity 21232K, committed 21296K, reserved 1069056K
  class space    used 2451K, capacity 2677K, committed 2688K, reserved 1048576K
}
Event: 2.148 GC heap before
{Heap before GC invocations=4 (full 0):
 garbage-first heap   total 131072K, used 85003K [0x0000000081e00000, 0x0000000081f00400, 0x0000000100000000)
  region size 1024K, 76 young (77824K), 4 survivors (4096K)
 Metaspace       used 27279K, capacity 28930K, committed 29184K, reserved 1075200K
  class space    used 3373K, capacity 3716K, committed 3840K, reserved 1048576K
}
Event: 2.159 GC heap after
{Heap after GC invocations=5 (full 0):
 garbage-first heap   total 131072K, used 19976K [0x0000000081e00000, 0x0000000081f00400, 0x0000000100000000)
  region size 1024K, 10 young (10240K), 10 survivors (10240K)
 Metaspace       used 27279K, capacity 28930K, committed 29184K, reserved 1075200K
  class space    used 3373K, capacity 3716K, committed 3840K, reserved 1048576K
}
Event: 2.441 GC heap before
{Heap before GC invocations=5 (full 0):
 garbage-first heap   total 131072K, used 87560K [0x0000000081e00000, 0x0000000081f00400, 0x0000000100000000)
  region size 1024K, 76 young (77824K), 10 survivors (10240K)
 Metaspace       used 28094K, capacity 29796K, committed 30080K, reserved 1075200K
  class space    used 3505K, capacity 3881K, committed 3968K, reserved 1048576K
}

