# JRE version: OpenJDK Runtime Environment (9.0.1+1) (build 9.0.7.1+1)
# Java VM: OpenJDK 64-Bit Server VM (9.0.7.1+1, mixed mode, tiered, compressed oops, g1 gc, windows-amd64)
Heap:
 garbage-first heap   total 189440K, used 23318K [0x0000000081e00000, 0x0000000081f005c8, 0x0000000100000000)
  region size 1024K, 6 young (6144K), 6 survivors (6144K)
 Metaspace       used 34491K, capacity 36790K, committed 36940K, reserved 1087488K
  class space    used 4369K, capacity 4849K, committed 4940K, reserved 1048576K
GC Heap History (10 events):
Event: 1.260 GC heap after
{Heap after GC invocations=4 (full 0):
 garbage-first heap   total 131072K, used 12351K [0x0000000081e00000, 0x0000000081f00400, 0x0000000100000000)
  region size 1024K, 8 young (8192K), 8 survivors (8192K)
 Metaspace       used 19989K, capacity 21238K, committed 21552K, reserved 1069056K
  class space    used 2431K, capacity 2676K, committed 2688K, reserved 1048576K
}
Event: 2.067 GC heap before
{Heap before GC invocations=5 (full 0):
 garbage-first heap   total 131072K, used 81983K [0x0000000081e00000, 0x0000000081f00400, 0x0000000100000000)
  region size 1024K, 76 young (77824K), 8 survivors (8192K)
 Metaspace       used 27130K, capacity 28726K, committed 28876K, reserved 1075200K
  class space    used 3345K, capacity 3700K, committed 3788K, reserved 1048576K
}
Event: 2.079 GC heap after
{Heap after GC invocations=6 (full 0):
 garbage-first heap   total 157696K, used 19256K [0x0000000081e00000, 0x0000000081f004d0, 0x0000000100000000)
  region size 1024K, 10 young (10240K), 10 survivors (10240K)
 Metaspace       used 27130K, capacity 28726K, committed 28876K, reserved 1075200K
  class space    used 3345K, capacity 3700K, committed 3788K, reserved 1048576K
}
Event: 2.552 GC heap before
{Heap before GC invocations=6 (full 0):
 garbage-first heap   total 157696K, used 103224K [0x0000000081e00000, 0x0000000081f004d0, 0x0000000100000000)
  region size 1024K, 92 young (94208K), 10 survivors (10240K)
 Metaspace       used 28866K, capacity 30614K, committed 30924K, reserved 1077248K
  class space    used 3618K, capacity 3980K, committed 4044K, reserved 1048576K
}
Event: 2.560 GC heap after
{Heap after GC invocations=7 (full 0):
 garbage-first heap   total 157696K, used 20425K [0x0000000081e00000, 0x0000000081f004d0, 0x0000000100000000)
  region size 1024K, 5 young (5120K), 5 survivors (5120K)
 Metaspace       used 28866K, capacity 30614K, committed 30924K, reserved 1077248K
  class space    used 3618K, capacity 3980K, committed 4044K, reserved 1048576K
}
Event: 3.180 GC heap before
{Heap before GC invocations=7 (full 0):
 garbage-first heap   total 157696K, used 109513K [0x0000000081e00000, 0x0000000081f004d0, 0x0000000100000000)
  region size 1024K, 92 young (94208K), 5 survivors (5120K)
 Metaspace       used 32665K, capacity 34948K, committed 35148K, reserved 1079296K
  class space    used 4196K, capacity 4648K, committed 4684K, reserved 1048576K
}
Event: 3.187 GC heap after
{Heap after GC invocations=8 (full 0):
 garbage-first heap   total 157696K, used 24019K [0x0000000081e00000, 0x0000000081f004d0, 0x0000000100000000)
  region size 1024K, 9 young (9216K), 9 survivors (9216K)
 Metaspace       used 32665K, capacity 34948K, committed 35148K, reserved 1079296K
  class space    used 4196K, capacity 4648K, committed 4684K, reserved 1048576K
}
Event: 3.263 GC heap before
{Heap before GC invocations=8 (full 0):
 garbage-first heap   total 157696K, used 32211K [0x0000000081e00000, 0x0000000081f004d0, 0x0000000100000000)
  region size 1024K, 18 young (18432K), 9 survivors (9216K)
 Metaspace       used 33664K, capacity 35984K, committed 36044K, reserved 1081344K
  class space    used 4292K, capacity 4778K, committed 4812K, reserved 1048576K
}
Event: 3.269 GC heap after
{Heap after GC invocations=9 (full 0):
 garbage-first heap   total 157696K, used 23015K [0x0000000081e00000, 0x0000000081f004d0, 0x0000000100000000)
  region size 1024K, 6 young (6144K), 6 survivors (6144K)
 Metaspace       used 33664K, capacity 35984K, committed 36044K, reserved 1081344K
  class space    used 4292K, capacity 4778K, committed 4812K, reserved 1048576K
}
Event: 3.561 GC heap before
{Heap before GC invocations=10 (full 0):
 garbage-first heap   total 157696K, used 95719K [0x0000000081e00000, 0x0000000081f004d0, 0x0000000100000000)
  region size 1024K, 78 young (79872K), 6 survivors (6144K)
 Metaspace       used 34491K, capacity 36790K, committed 36940K, reserved 1087488K
  class space    used 4369K, capacity 4849K, committed 4940K, reserved 1048576K
}

