# JRE version: OpenJDK Runtime Environment (9.0.1+1) (build 9.0.7.1+1)
# Java VM: OpenJDK 64-Bit Server VM (9.0.7.1+1, mixed mode, tiered, compressed oops, g1 gc, windows-amd64)
Heap:
 garbage-first heap   total 189440K, used 26150K [0x0000000081e00000, 0x0000000081f005c8, 0x0000000100000000)
  region size 1024K, 6 young (6144K), 6 survivors (6144K)
 Metaspace       used 36733K, capacity 39098K, committed 39244K, reserved 1091584K
  class space    used 4642K, capacity 5097K, committed 5196K, reserved 1048576K
GC Heap History (10 events):
Event: 2.104 GC heap after
{Heap after GC invocations=5 (full 0):
 garbage-first heap   total 131072K, used 19587K [0x0000000081e00000, 0x0000000081f00400, 0x0000000100000000)
  region size 1024K, 10 young (10240K), 10 survivors (10240K)
 Metaspace       used 27273K, capacity 28934K, committed 29132K, reserved 1075200K
  class space    used 3368K, capacity 3716K, committed 3788K, reserved 1048576K
}
Event: 2.557 GC heap before
{Heap before GC invocations=5 (full 0):
 garbage-first heap   total 131072K, used 87171K [0x0000000081e00000, 0x0000000081f00400, 0x0000000100000000)
  region size 1024K, 76 young (77824K), 10 survivors (10240K)
 Metaspace       used 28073K, capacity 29800K, committed 30028K, reserved 1075200K
  class space    used 3500K, capacity 3881K, committed 3916K, reserved 1048576K
}
Event: 2.565 GC heap after
{Heap after GC invocations=6 (full 0):
 garbage-first heap   total 157696K, used 20354K [0x0000000081e00000, 0x0000000081f004d0, 0x0000000100000000)
  region size 1024K, 4 young (4096K), 4 survivors (4096K)
 Metaspace       used 28073K, capacity 29800K, committed 30028K, reserved 1075200K
  class space    used 3500K, capacity 3881K, committed 3916K, reserved 1048576K
}
Event: 3.196 GC heap before
{Heap before GC invocations=6 (full 0):
 garbage-first heap   total 157696K, used 106370K [0x0000000081e00000, 0x0000000081f004d0, 0x0000000100000000)
  region size 1024K, 88 young (90112K), 4 survivors (4096K)
 Metaspace       used 31882K, capacity 33900K, committed 33996K, reserved 1079296K
  class space    used 4070K, capacity 4492K, committed 4556K, reserved 1048576K
}
Event: 3.203 GC heap after
{Heap after GC invocations=7 (full 0):
 garbage-first heap   total 157696K, used 24530K [0x0000000081e00000, 0x0000000081f004d0, 0x0000000100000000)
  region size 1024K, 8 young (8192K), 8 survivors (8192K)
 Metaspace       used 31882K, capacity 33900K, committed 33996K, reserved 1079296K
  class space    used 4070K, capacity 4492K, committed 4556K, reserved 1048576K
}
Event: 3.428 GC heap before
{Heap before GC invocations=7 (full 0):
 garbage-first heap   total 157696K, used 53202K [0x0000000081e00000, 0x0000000081f004d0, 0x0000000100000000)
  region size 1024K, 37 young (37888K), 8 survivors (8192K)
 Metaspace       used 33645K, capacity 35950K, committed 36044K, reserved 1081344K
  class space    used 4290K, capacity 4745K, committed 4812K, reserved 1048576K
}
Event: 3.436 GC heap after
{Heap after GC invocations=8 (full 0):
 garbage-first heap   total 157696K, used 24438K [0x0000000081e00000, 0x0000000081f004d0, 0x0000000100000000)
  region size 1024K, 7 young (7168K), 7 survivors (7168K)
 Metaspace       used 33645K, capacity 35950K, committed 36044K, reserved 1081344K
  class space    used 4290K, capacity 4745K, committed 4812K, reserved 1048576K
}
Event: 3.663 GC heap before
{Heap before GC invocations=9 (full 0):
 garbage-first heap   total 157696K, used 110454K [0x0000000081e00000, 0x0000000081f004d0, 0x0000000100000000)
  region size 1024K, 92 young (94208K), 7 survivors (7168K)
 Metaspace       used 34922K, capacity 37266K, committed 37452K, reserved 1081344K
  class space    used 4432K, capacity 4919K, committed 4940K, reserved 1048576K
}
Event: 3.671 GC heap after
{Heap after GC invocations=10 (full 0):
 garbage-first heap   total 157696K, used 24468K [0x0000000081e00000, 0x0000000081f004d0, 0x0000000100000000)
  region size 1024K, 8 young (8192K), 8 survivors (8192K)
 Metaspace       used 34922K, capacity 37266K, committed 37452K, reserved 1081344K
  class space    used 4432K, capacity 4919K, committed 4940K, reserved 1048576K
}
Event: 3.897 GC heap before
{Heap before GC invocations=10 (full 0):
 garbage-first heap   total 157696K, used 53140K [0x0000000081e00000, 0x0000000081f004d0, 0x0000000100000000)
  region size 1024K, 37 young (37888K), 8 survivors (8192K)
 Metaspace       used 36733K, capacity 39098K, committed 39244K, reserved 1091584K
  class space    used 4642K, capacity 5097K, committed 5196K, reserved 1048576K
}

