# JRE version: OpenJDK Runtime Environment (9.0.1+1) (build 9.0.7.1+1)
# Java VM: OpenJDK 64-Bit Server VM (9.0.7.1+1, mixed mode, tiered, compressed oops, g1 gc, windows-amd64)
Heap:
 garbage-first heap   total 189440K, used 32536K [0x0000000081e00000, 0x0000000081f005c8, 0x0000000100000000)
  region size 1024K, 12 young (12288K), 12 survivors (12288K)
 Metaspace       used 44064K, capacity 46582K, committed 46848K, reserved 1089536K
  class space    used 5579K, capacity 6073K, committed 6144K, reserved 1048576K
GC Heap History (10 events):
Event: 1.990 GC heap after
{Heap after GC invocations=5 (full 0):
 garbage-first heap   total 131072K, used 19786K [0x0000000081e00000, 0x0000000081f00400, 0x0000000100000000)
  region size 1024K, 10 young (10240K), 10 survivors (10240K)
 Metaspace       used 27256K, capacity 28870K, committed 29184K, reserved 1075200K
  class space    used 3368K, capacity 3716K, committed 3840K, reserved 1048576K
}
Event: 2.265 GC heap before
{Heap before GC invocations=5 (full 0):
 garbage-first heap   total 131072K, used 87370K [0x0000000081e00000, 0x0000000081f00400, 0x0000000100000000)
  region size 1024K, 76 young (77824K), 10 survivors (10240K)
 Metaspace       used 28155K, capacity 29928K, committed 30080K, reserved 1075200K
  class space    used 3511K, capacity 3881K, committed 3968K, reserved 1048576K
}
Event: 2.274 GC heap after
{Heap after GC invocations=6 (full 0):
 garbage-first heap   total 157696K, used 20747K [0x0000000081e00000, 0x0000000081f004d0, 0x0000000100000000)
  region size 1024K, 4 young (4096K), 4 survivors (4096K)
 Metaspace       used 28155K, capacity 29928K, committed 30080K, reserved 1075200K
  class space    used 3511K, capacity 3881K, committed 3968K, reserved 1048576K
}
Event: 2.870 GC heap before
{Heap before GC invocations=6 (full 0):
 garbage-first heap   total 157696K, used 106763K [0x0000000081e00000, 0x0000000081f004d0, 0x0000000100000000)
  region size 1024K, 88 young (90112K), 4 survivors (4096K)
 Metaspace       used 32197K, capacity 34188K, committed 34304K, reserved 1079296K
  class space    used 4106K, capacity 4524K, committed 4608K, reserved 1048576K
}
Event: 2.877 GC heap after
{Heap after GC invocations=7 (full 0):
 garbage-first heap   total 157696K, used 25159K [0x0000000081e00000, 0x0000000081f004d0, 0x0000000100000000)
  region size 1024K, 8 young (8192K), 8 survivors (8192K)
 Metaspace       used 32197K, capacity 34188K, committed 34304K, reserved 1079296K
  class space    used 4106K, capacity 4524K, committed 4608K, reserved 1048576K
}
Event: 3.049 GC heap before
{Heap before GC invocations=7 (full 0):
 garbage-first heap   total 157696K, used 46663K [0x0000000081e00000, 0x0000000081f004d0, 0x0000000100000000)
  region size 1024K, 30 young (30720K), 8 survivors (8192K)
 Metaspace       used 33421K, capacity 35726K, committed 35920K, reserved 1081344K
  class space    used 4270K, capacity 4713K, committed 4736K, reserved 1048576K
}
Event: 3.058 GC heap after
{Heap after GC invocations=8 (full 0):
 garbage-first heap   total 157696K, used 24380K [0x0000000081e00000, 0x0000000081f004d0, 0x0000000100000000)
  region size 1024K, 3 young (3072K), 3 survivors (3072K)
 Metaspace       used 33421K, capacity 35726K, committed 35920K, reserved 1081344K
  class space    used 4270K, capacity 4713K, committed 4736K, reserved 1048576K
}
Event: 3.296 GC heap before
{Heap before GC invocations=9 (full 0):
 garbage-first heap   total 157696K, used 114492K [0x0000000081e00000, 0x0000000081f004d0, 0x0000000100000000)
  region size 1024K, 92 young (94208K), 3 survivors (3072K)
 Metaspace       used 34894K, capacity 37220K, committed 37404K, reserved 1081344K
  class space    used 4438K, capacity 4922K, committed 4992K, reserved 1048576K
}
Event: 3.301 GC heap after
{Heap after GC invocations=10 (full 0):
 garbage-first heap   total 157696K, used 25057K [0x0000000081e00000, 0x0000000081f004d0, 0x0000000100000000)
  region size 1024K, 5 young (5120K), 5 survivors (5120K)
 Metaspace       used 34894K, capacity 37220K, committed 37404K, reserved 1081344K
  class space    used 4438K, capacity 4922K, committed 4992K, reserved 1048576K
}
Event: 4.067 GC heap before
{Heap before GC invocations=10 (full 0):
 garbage-first heap   total 157696K, used 114145K [0x0000000081e00000, 0x0000000081f004d0, 0x0000000100000000)
  region size 1024K, 92 young (94208K), 5 survivors (5120K)
 Metaspace       used 44064K, capacity 46582K, committed 46848K, reserved 1089536K
  class space    used 5579K, capacity 6073K, committed 6144K, reserved 1048576K
}

